0 info it worked if it ends with ok
1 verbose cli [ '/usr/local/bin/node',
1 verbose cli   '/usr/local/bin/npm',
1 verbose cli   'run',
1 verbose cli   'start-dev' ]
2 info using npm@3.7.2
3 info using node@v5.2.0
4 verbose run-script [ 'prestart-dev', 'start-dev', 'poststart-dev' ]
5 info lifecycle ico-mvp@0.5.0~prestart-dev: ico-mvp@0.5.0
6 silly lifecycle ico-mvp@0.5.0~prestart-dev: no script for prestart-dev, continuing
7 info lifecycle ico-mvp@0.5.0~start-dev: ico-mvp@0.5.0
8 verbose lifecycle ico-mvp@0.5.0~start-dev: unsafe-perm in lifecycle true
9 verbose lifecycle ico-mvp@0.5.0~start-dev: PATH: /usr/local/lib/node_modules/npm/bin/node-gyp-bin:/Users/eduardonuzzi/Documents/Development/ICO/0.5.0/node_modules/.bin:/usr/local/bin:/Users/eduardonuzzi/anaconda/bin:/Users/eduardonuzzi/exec -l /bin/bash/google-cloud-sdk/bin:/usr/local/bin:/usr/bin:/bin:/usr/sbin:/sbin:/usr/local/go/bin:/Volumes/External_hd/Mac_Edu/Android_sdk/platform-tools/:/Applications/sox-14.4.1:/Users/eduardonuzzi/bin
10 verbose lifecycle ico-mvp@0.5.0~start-dev: CWD: /Users/eduardonuzzi/Documents/Development/ICO/0.5.0
11 silly lifecycle ico-mvp@0.5.0~start-dev: Args: [ '-c', 'node-dev server.ls | gulp' ]
12 silly lifecycle ico-mvp@0.5.0~start-dev: Returned: code: 1  signal: null
13 info lifecycle ico-mvp@0.5.0~start-dev: Failed to exec start-dev script
14 verbose stack Error: ico-mvp@0.5.0 start-dev: `node-dev server.ls | gulp`
14 verbose stack Exit status 1
14 verbose stack     at EventEmitter.<anonymous> (/usr/local/lib/node_modules/npm/lib/utils/lifecycle.js:239:16)
14 verbose stack     at emitTwo (events.js:88:13)
14 verbose stack     at EventEmitter.emit (events.js:173:7)
14 verbose stack     at ChildProcess.<anonymous> (/usr/local/lib/node_modules/npm/lib/utils/spawn.js:24:14)
14 verbose stack     at emitTwo (events.js:88:13)
14 verbose stack     at ChildProcess.emit (events.js:173:7)
14 verbose stack     at maybeClose (internal/child_process.js:819:16)
14 verbose stack     at Process.ChildProcess._handle.onexit (internal/child_process.js:212:5)
15 verbose pkgid ico-mvp@0.5.0
16 verbose cwd /Users/eduardonuzzi/Documents/Development/ICO/0.5.0
17 error Darwin 15.5.0
18 error argv "/usr/local/bin/node" "/usr/local/bin/npm" "run" "start-dev"
19 error node v5.2.0
20 error npm  v3.7.2
21 error code ELIFECYCLE
22 error ico-mvp@0.5.0 start-dev: `node-dev server.ls | gulp`
22 error Exit status 1
23 error Failed at the ico-mvp@0.5.0 start-dev script 'node-dev server.ls | gulp'.
23 error Make sure you have the latest version of node.js and npm installed.
23 error If you do, this is most likely a problem with the ico-mvp package,
23 error not with npm itself.
23 error Tell the author that this fails on your system:
23 error     node-dev server.ls | gulp
23 error You can get information on how to open an issue for this project with:
23 error     npm bugs ico-mvp
23 error Or if that isn't available, you can get their info via:
23 error     npm owner ls ico-mvp
23 error There is likely additional logging output above.
24 verbose exit [ 1, true ]
